# JRE version: OpenJDK Runtime Environment Temurin-17.0.7+7 (17.0.7+7) (build 17.0.7+7)
# Java VM: OpenJDK 64-Bit Server VM Temurin-17.0.7+7 (17.0.7+7, mixed mode, emulated-client, tiered, compressed oops, compressed class ptrs, g1 gc, windows-amd64)
GC Precious Log:
 CPUs: 8 total, 8 available
 Memory: 8033M
 Large Page Support: Disabled
 NUMA Support: Disabled
 Compressed Oops: Enabled (32-bit)
 Heap Region Size: 1M
 Heap Min Capacity: 8M
 Heap Initial Capacity: 126M
 Heap Max Capacity: 1G
 Pre-touch: Disabled
 Parallel Workers: 8
 Concurrent Workers: 2
 Concurrent Refinement Workers: 8
 Periodic GC: Disabled
Heap:
 garbage-first heap   total 162816K, used 77559K [0x00000000c0000000, 0x0000000100000000)
  region size 1024K, 4 young (4096K), 4 survivors (4096K)
 Metaspace       used 40147K, committed 40576K, reserved 1114112K
  class space    used 5152K, committed 5376K, reserved 1048576K
GC Heap History (20 events):
Event: 6.648 GC heap after
{Heap after GC invocations=14 (full 0):
 garbage-first heap   total 55296K, used 27979K [0x00000000c0000000, 0x0000000100000000)
  region size 1024K, 3 young (3072K), 3 survivors (3072K)
 Metaspace       used 36434K, committed 36800K, reserved 1114112K
  class space    used 4799K, committed 4992K, reserved 1048576K
}
Event: 6.714 GC heap before
{Heap before GC invocations=14 (full 0):
 garbage-first heap   total 55296K, used 40267K [0x00000000c0000000, 0x0000000100000000)
  region size 1024K, 16 young (16384K), 3 survivors (3072K)
 Metaspace       used 36895K, committed 37376K, reserved 1114112K
  class space    used 4836K, committed 5056K, reserved 1048576K
}
Event: 6.717 GC heap after
{Heap after GC invocations=15 (full 0):
 garbage-first heap   total 55296K, used 30054K [0x00000000c0000000, 0x0000000100000000)
  region size 1024K, 2 young (2048K), 2 survivors (2048K)
 Metaspace       used 36895K, committed 37376K, reserved 1114112K
  class space    used 4836K, committed 5056K, reserved 1048576K
}
Event: 6.775 GC heap before
{Heap before GC invocations=16 (full 0):
 garbage-first heap   total 61440K, used 41318K [0x00000000c0000000, 0x0000000100000000)
  region size 1024K, 13 young (13312K), 2 survivors (2048K)
 Metaspace       used 37050K, committed 37504K, reserved 1114112K
  class space    used 4846K, committed 5056K, reserved 1048576K
}
Event: 6.778 GC heap after
{Heap after GC invocations=17 (full 0):
 garbage-first heap   total 61440K, used 32321K [0x00000000c0000000, 0x0000000100000000)
  region size 1024K, 2 young (2048K), 2 survivors (2048K)
 Metaspace       used 37050K, committed 37504K, reserved 1114112K
  class space    used 4846K, committed 5056K, reserved 1048576K
}
Event: 6.783 GC heap before
{Heap before GC invocations=17 (full 0):
 garbage-first heap   total 61440K, used 33345K [0x00000000c0000000, 0x0000000100000000)
  region size 1024K, 3 young (3072K), 2 survivors (2048K)
 Metaspace       used 37061K, committed 37504K, reserved 1114112K
  class space    used 4848K, committed 5056K, reserved 1048576K
}
Event: 6.785 GC heap after
{Heap after GC invocations=18 (full 0):
 garbage-first heap   total 61440K, used 32549K [0x00000000c0000000, 0x0000000100000000)
  region size 1024K, 1 young (1024K), 1 survivors (1024K)
 Metaspace       used 37061K, committed 37504K, reserved 1114112K
  class space    used 4848K, committed 5056K, reserved 1048576K
}
Event: 6.843 GC heap before
{Heap before GC invocations=18 (full 0):
 garbage-first heap   total 61440K, used 46885K [0x00000000c0000000, 0x0000000100000000)
  region size 1024K, 15 young (15360K), 1 survivors (1024K)
 Metaspace       used 37245K, committed 37696K, reserved 1114112K
  class space    used 4862K, committed 5056K, reserved 1048576K
}
Event: 6.846 GC heap after
{Heap after GC invocations=19 (full 0):
 garbage-first heap   total 61440K, used 34593K [0x00000000c0000000, 0x0000000100000000)
  region size 1024K, 2 young (2048K), 2 survivors (2048K)
 Metaspace       used 37245K, committed 37696K, reserved 1114112K
  class space    used 4862K, committed 5056K, reserved 1048576K
}
Event: 6.914 GC heap before
{Heap before GC invocations=19 (full 0):
 garbage-first heap   total 75776K, used 46881K [0x00000000c0000000, 0x0000000100000000)
  region size 1024K, 15 young (15360K), 2 survivors (2048K)
 Metaspace       used 37571K, committed 38016K, reserved 1114112K
  class space    used 4898K, committed 5120K, reserved 1048576K
}
Event: 6.919 GC heap after
{Heap after GC invocations=20 (full 0):
 garbage-first heap   total 162816K, used 36840K [0x00000000c0000000, 0x0000000100000000)
  region size 1024K, 2 young (2048K), 2 survivors (2048K)
 Metaspace       used 37571K, committed 38016K, reserved 1114112K
  class space    used 4898K, committed 5120K, reserved 1048576K
}
Event: 7.292 GC heap before
{Heap before GC invocations=21 (full 0):
 garbage-first heap   total 162816K, used 112616K [0x00000000c0000000, 0x0000000100000000)
  region size 1024K, 75 young (76800K), 2 survivors (2048K)
 Metaspace       used 39725K, committed 40128K, reserved 1114112K
  class space    used 5090K, committed 5248K, reserved 1048576K
}
Event: 7.311 GC heap after
{Heap after GC invocations=22 (full 0):
 garbage-first heap   total 162816K, used 58988K [0x00000000c0000000, 0x0000000100000000)
  region size 1024K, 10 young (10240K), 10 survivors (10240K)
 Metaspace       used 39725K, committed 40128K, reserved 1114112K
  class space    used 5090K, committed 5248K, reserved 1048576K
}
Event: 7.315 GC heap before
{Heap before GC invocations=22 (full 0):
 garbage-first heap   total 162816K, used 60012K [0x00000000c0000000, 0x0000000100000000)
  region size 1024K, 11 young (11264K), 10 survivors (10240K)
 Metaspace       used 39725K, committed 40128K, reserved 1114112K
  class space    used 5090K, committed 5248K, reserved 1048576K
}
Event: 7.324 GC heap after
{Heap after GC invocations=23 (full 0):
 garbage-first heap   total 162816K, used 60924K [0x00000000c0000000, 0x0000000100000000)
  region size 1024K, 2 young (2048K), 2 survivors (2048K)
 Metaspace       used 39725K, committed 40128K, reserved 1114112K
  class space    used 5090K, committed 5248K, reserved 1048576K
}
Event: 7.421 GC heap before
{Heap before GC invocations=23 (full 0):
 garbage-first heap   total 162816K, used 108028K [0x00000000c0000000, 0x0000000100000000)
  region size 1024K, 48 young (49152K), 2 survivors (2048K)
 Metaspace       used 39957K, committed 40448K, reserved 1114112K
  class space    used 5137K, committed 5376K, reserved 1048576K
}
Event: 7.443 GC heap after
{Heap after GC invocations=24 (full 0):
 garbage-first heap   total 162816K, used 72936K [0x00000000c0000000, 0x0000000100000000)
  region size 1024K, 6 young (6144K), 6 survivors (6144K)
 Metaspace       used 39957K, committed 40448K, reserved 1114112K
  class space    used 5137K, committed 5376K, reserved 1048576K
}
Event: 7.474 GC heap before
{Heap before GC invocations=24 (full 0):
 garbage-first heap   total 162816K, used 111848K [0x00000000c0000000, 0x0000000100000000)
  region size 1024K, 45 young (46080K), 6 survivors (6144K)
 Metaspace       used 40138K, committed 40576K, reserved 1114112K
  class space    used 5149K, committed 5376K, reserved 1048576K
}
Event: 7.478 GC heap after
{Heap after GC invocations=25 (full 0):
 garbage-first heap   total 162816K, used 75554K [0x00000000c0000000, 0x0000000100000000)
  region size 1024K, 2 young (2048K), 2 survivors (2048K)
 Metaspace       used 40138K, committed 40576K, reserved 1114112K
  class space    used 5149K, committed 5376K, reserved 1048576K
}
Event: 7.500 GC heap before
{Heap before GC invocations=25 (full 0):
 garbage-first heap   total 162816K, used 119586K [0x00000000c0000000, 0x0000000100000000)
  region size 1024K, 46 young (47104K), 2 survivors (2048K)
 Metaspace       used 40147K, committed 40576K, reserved 1114112K
  class space    used 5152K, committed 5376K, reserved 1048576K
}

